<?xml version="1.0" encoding="UTF-8" standalone="no"?>
<testsuite errors="0" failures="0" name="io.cucumber.core.plugin.JUnitFormatter" skipped="0" tests="1" time="99.784">
    <testcase classname="Add Item test" name="Add a product" time="99.628">
        <system-out><![CDATA[Given user opens browser and enters url and lands on homepage...............passed
When user clicks on sign in.................................................passed
Then verify user land on login screen.......................................passed
When user enters username and password......................................passed
Then user is able to login successfully.....................................passed
When user clicks on Women tab...............................................passed
Then user is navigated to the Women's page..................................passed
When the user adds an item and checks out...................................passed
]]></system-out>
    </testcase>
</testsuite>
