<?xml version="1.0" encoding="UTF-8"?>
<testsuite xmlns:xsi="http://www.w3.org/2001/XMLSchema-instance" xsi:noNamespaceSchemaLocation="https://maven.apache.org/surefire/maven-surefire-plugin/xsd/surefire-test-report.xsd" name="runner.TestRunner" time="14.998" tests="1" errors="1" skipped="0" failures="0">
  <properties>
    <property name="java.specification.version" value="16"/>
    <property name="sun.jnu.encoding" value="UTF-8"/>
    <property name="java.class.path" value="/Users/riyaz/IdeaProjects/Practice/target/test-classes:/Users/riyaz/IdeaProjects/Practice/target/classes:/Users/riyaz/.m2/repository/io/cucumber/cucumber-java/6.10.4/cucumber-java-6.10.4.jar:/Users/riyaz/.m2/repository/io/cucumber/cucumber-core/6.10.4/cucumber-core-6.10.4.jar:/Users/riyaz/.m2/repository/io/cucumber/cucumber-gherkin/6.10.4/cucumber-gherkin-6.10.4.jar:/Users/riyaz/.m2/repository/io/cucumber/cucumber-gherkin-messages/6.10.4/cucumber-gherkin-messages-6.10.4.jar:/Users/riyaz/.m2/repository/io/cucumber/messages/15.0.0/messages-15.0.0.jar:/Users/riyaz/.m2/repository/io/cucumber/tag-expressions/3.0.1/tag-expressions-3.0.1.jar:/Users/riyaz/.m2/repository/io/cucumber/cucumber-expressions/10.3.0/cucumber-expressions-10.3.0.jar:/Users/riyaz/.m2/repository/io/cucumber/datatable/3.5.0/datatable-3.5.0.jar:/Users/riyaz/.m2/repository/io/cucumber/cucumber-plugin/6.10.4/cucumber-plugin-6.10.4.jar:/Users/riyaz/.m2/repository/io/cucumber/docstring/6.10.4/docstring-6.10.4.jar:/Users/riyaz/.m2/repository/io/cucumber/html-formatter/13.0.0/html-formatter-13.0.0.jar:/Users/riyaz/.m2/repository/io/cucumber/create-meta/4.0.0/create-meta-4.0.0.jar:/Users/riyaz/.m2/repository/org/apiguardian/apiguardian-api/1.1.1/apiguardian-api-1.1.1.jar:/Users/riyaz/.m2/repository/io/cucumber/cucumber-junit/6.10.4/cucumber-junit-6.10.4.jar:/Users/riyaz/.m2/repository/org/seleniumhq/selenium/selenium-java/4.0.0-beta-4/selenium-java-4.0.0-beta-4.jar:/Users/riyaz/.m2/repository/org/seleniumhq/selenium/selenium-api/4.0.0-beta-4/selenium-api-4.0.0-beta-4.jar:/Users/riyaz/.m2/repository/org/seleniumhq/selenium/selenium-chrome-driver/4.0.0-beta-4/selenium-chrome-driver-4.0.0-beta-4.jar:/Users/riyaz/.m2/repository/com/google/auto/service/auto-service-annotations/1.0/auto-service-annotations-1.0.jar:/Users/riyaz/.m2/repository/com/google/auto/service/auto-service/1.0/auto-service-1.0.jar:/Users/riyaz/.m2/repository/com/google/auto/auto-common/1.0/auto-common-1.0.jar:/Users/riyaz/.m2/repository/com/google/guava/guava/30.1.1-jre/guava-30.1.1-jre.jar:/Users/riyaz/.m2/repository/com/google/guava/failureaccess/1.0.1/failureaccess-1.0.1.jar:/Users/riyaz/.m2/repository/com/google/guava/listenablefuture/9999.0-empty-to-avoid-conflict-with-guava/listenablefuture-9999.0-empty-to-avoid-conflict-with-guava.jar:/Users/riyaz/.m2/repository/com/google/code/findbugs/jsr305/3.0.2/jsr305-3.0.2.jar:/Users/riyaz/.m2/repository/org/checkerframework/checker-qual/3.8.0/checker-qual-3.8.0.jar:/Users/riyaz/.m2/repository/com/google/errorprone/error_prone_annotations/2.5.1/error_prone_annotations-2.5.1.jar:/Users/riyaz/.m2/repository/com/google/j2objc/j2objc-annotations/1.3/j2objc-annotations-1.3.jar:/Users/riyaz/.m2/repository/org/seleniumhq/selenium/selenium-chromium-driver/4.0.0-beta-4/selenium-chromium-driver-4.0.0-beta-4.jar:/Users/riyaz/.m2/repository/org/seleniumhq/selenium/selenium-devtools/4.0.0-beta-4/selenium-devtools-4.0.0-beta-4.jar:/Users/riyaz/.m2/repository/org/seleniumhq/selenium/selenium-http/4.0.0-beta-4/selenium-http-4.0.0-beta-4.jar:/Users/riyaz/.m2/repository/org/seleniumhq/selenium/selenium-json/4.0.0-beta-4/selenium-json-4.0.0-beta-4.jar:/Users/riyaz/.m2/repository/org/seleniumhq/selenium/selenium-devtools-v85/4.0.0-beta-4/selenium-devtools-v85-4.0.0-beta-4.jar:/Users/riyaz/.m2/repository/org/seleniumhq/selenium/selenium-devtools-v88/4.0.0-beta-4/selenium-devtools-v88-4.0.0-beta-4.jar:/Users/riyaz/.m2/repository/org/seleniumhq/selenium/selenium-devtools-v89/4.0.0-beta-4/selenium-devtools-v89-4.0.0-beta-4.jar:/Users/riyaz/.m2/repository/org/seleniumhq/selenium/selenium-devtools-v90/4.0.0-beta-4/selenium-devtools-v90-4.0.0-beta-4.jar:/Users/riyaz/.m2/repository/org/seleniumhq/selenium/selenium-devtools-v91/4.0.0-beta-4/selenium-devtools-v91-4.0.0-beta-4.jar:/Users/riyaz/.m2/repository/org/seleniumhq/selenium/selenium-edge-driver/4.0.0-beta-4/selenium-edge-driver-4.0.0-beta-4.jar:/Users/riyaz/.m2/repository/org/seleniumhq/selenium/selenium-firefox-driver/4.0.0-beta-4/selenium-firefox-driver-4.0.0-beta-4.jar:/Users/riyaz/.m2/repository/org/seleniumhq/selenium/selenium-firefox-xpi-driver/4.0.0-beta-4/selenium-firefox-xpi-driver-4.0.0-beta-4.jar:/Users/riyaz/.m2/repository/org/seleniumhq/selenium/selenium-ie-driver/4.0.0-beta-4/selenium-ie-driver-4.0.0-beta-4.jar:/Users/riyaz/.m2/repository/org/seleniumhq/selenium/selenium-opera-driver/4.0.0-beta-4/selenium-opera-driver-4.0.0-beta-4.jar:/Users/riyaz/.m2/repository/org/seleniumhq/selenium/selenium-remote-driver/4.0.0-beta-4/selenium-remote-driver-4.0.0-beta-4.jar:/Users/riyaz/.m2/repository/com/beust/jcommander/1.81/jcommander-1.81.jar:/Users/riyaz/.m2/repository/io/netty/netty-buffer/4.1.63.Final/netty-buffer-4.1.63.Final.jar:/Users/riyaz/.m2/repository/io/netty/netty-codec-http/4.1.63.Final/netty-codec-http-4.1.63.Final.jar:/Users/riyaz/.m2/repository/io/netty/netty-codec/4.1.63.Final/netty-codec-4.1.63.Final.jar:/Users/riyaz/.m2/repository/io/netty/netty-handler/4.1.63.Final/netty-handler-4.1.63.Final.jar:/Users/riyaz/.m2/repository/io/netty/netty-common/4.1.63.Final/netty-common-4.1.63.Final.jar:/Users/riyaz/.m2/repository/io/netty/netty-transport-native-epoll/4.1.63.Final/netty-transport-native-epoll-4.1.63.Final.jar:/Users/riyaz/.m2/repository/io/netty/netty-transport-native-kqueue/4.1.63.Final/netty-transport-native-kqueue-4.1.63.Final.jar:/Users/riyaz/.m2/repository/io/netty/netty-transport-native-unix-common/4.1.63.Final/netty-transport-native-unix-common-4.1.63.Final.jar:/Users/riyaz/.m2/repository/io/netty/netty-transport/4.1.63.Final/netty-transport-4.1.63.Final.jar:/Users/riyaz/.m2/repository/io/netty/netty-resolver/4.1.63.Final/netty-resolver-4.1.63.Final.jar:/Users/riyaz/.m2/repository/io/opentelemetry/opentelemetry-api/1.2.0/opentelemetry-api-1.2.0.jar:/Users/riyaz/.m2/repository/io/opentelemetry/opentelemetry-context/1.2.0/opentelemetry-context-1.2.0.jar:/Users/riyaz/.m2/repository/io/opentelemetry/opentelemetry-exporter-logging/1.2.0/opentelemetry-exporter-logging-1.2.0.jar:/Users/riyaz/.m2/repository/io/opentelemetry/opentelemetry-sdk-metrics/1.2.0-alpha/opentelemetry-sdk-metrics-1.2.0-alpha.jar:/Users/riyaz/.m2/repository/io/opentelemetry/opentelemetry-sdk-common/1.2.0/opentelemetry-sdk-common-1.2.0.jar:/Users/riyaz/.m2/repository/io/opentelemetry/opentelemetry-sdk-extension-autoconfigure/1.2.0-alpha/opentelemetry-sdk-extension-autoconfigure-1.2.0-alpha.jar:/Users/riyaz/.m2/repository/io/opentelemetry/opentelemetry-sdk-trace/1.2.0/opentelemetry-sdk-trace-1.2.0.jar:/Users/riyaz/.m2/repository/io/opentelemetry/opentelemetry-api-metrics/1.2.0-alpha/opentelemetry-api-metrics-1.2.0-alpha.jar:/Users/riyaz/.m2/repository/io/opentelemetry/opentelemetry-sdk/1.2.0/opentelemetry-sdk-1.2.0.jar:/Users/riyaz/.m2/repository/io/opentelemetry/opentelemetry-semconv/1.2.0-alpha/opentelemetry-semconv-1.2.0-alpha.jar:/Users/riyaz/.m2/repository/io/ous/jtoml/2.0.0/jtoml-2.0.0.jar:/Users/riyaz/.m2/repository/net/bytebuddy/byte-buddy/1.11.0/byte-buddy-1.11.0.jar:/Users/riyaz/.m2/repository/org/apache/commons/commons-exec/1.3/commons-exec-1.3.jar:/Users/riyaz/.m2/repository/org/asynchttpclient/async-http-client/2.12.3/async-http-client-2.12.3.jar:/Users/riyaz/.m2/repository/org/asynchttpclient/async-http-client-netty-utils/2.12.3/async-http-client-netty-utils-2.12.3.jar:/Users/riyaz/.m2/repository/io/netty/netty-codec-socks/4.1.60.Final/netty-codec-socks-4.1.60.Final.jar:/Users/riyaz/.m2/repository/io/netty/netty-handler-proxy/4.1.60.Final/netty-handler-proxy-4.1.60.Final.jar:/Users/riyaz/.m2/repository/io/netty/netty-transport-native-epoll/4.1.60.Final/netty-transport-native-epoll-4.1.60.Final-linux-x86_64.jar:/Users/riyaz/.m2/repository/io/netty/netty-transport-native-kqueue/4.1.60.Final/netty-transport-native-kqueue-4.1.60.Final-osx-x86_64.jar:/Users/riyaz/.m2/repository/org/reactivestreams/reactive-streams/1.0.3/reactive-streams-1.0.3.jar:/Users/riyaz/.m2/repository/com/typesafe/netty/netty-reactive-streams/2.0.4/netty-reactive-streams-2.0.4.jar:/Users/riyaz/.m2/repository/org/slf4j/slf4j-api/1.7.30/slf4j-api-1.7.30.jar:/Users/riyaz/.m2/repository/com/sun/activation/jakarta.activation/1.2.2/jakarta.activation-1.2.2.jar:/Users/riyaz/.m2/repository/org/seleniumhq/selenium/selenium-safari-driver/4.0.0-beta-4/selenium-safari-driver-4.0.0-beta-4.jar:/Users/riyaz/.m2/repository/org/seleniumhq/selenium/selenium-support/4.0.0-beta-4/selenium-support-4.0.0-beta-4.jar:/Users/riyaz/.m2/repository/junit/junit/4.13.2/junit-4.13.2.jar:/Users/riyaz/.m2/repository/org/hamcrest/hamcrest-core/1.3/hamcrest-core-1.3.jar:"/>
    <property name="java.vm.vendor" value="Oracle Corporation"/>
    <property name="sun.arch.data.model" value="64"/>
    <property name="java.vendor.url" value="https://java.oracle.com/"/>
    <property name="os.name" value="Mac OS X"/>
    <property name="java.vm.specification.version" value="16"/>
    <property name="sun.java.launcher" value="SUN_STANDARD"/>
    <property name="user.country" value="SE"/>
    <property name="sun.boot.library.path" value="/Library/Java/JavaVirtualMachines/jdk-16.0.1.jdk/Contents/Home/lib"/>
    <property name="sun.java.command" value="/Users/riyaz/IdeaProjects/Practice/target/surefire/surefirebooter17595587598416427686.jar /Users/riyaz/IdeaProjects/Practice/target/surefire 2021-06-16T18-05-23_196-jvmRun1 surefire8621780922428670766tmp surefire_09823189424424472695tmp"/>
    <property name="jdk.debug" value="release"/>
    <property name="surefire.test.class.path" value="/Users/riyaz/IdeaProjects/Practice/target/test-classes:/Users/riyaz/IdeaProjects/Practice/target/classes:/Users/riyaz/.m2/repository/io/cucumber/cucumber-java/6.10.4/cucumber-java-6.10.4.jar:/Users/riyaz/.m2/repository/io/cucumber/cucumber-core/6.10.4/cucumber-core-6.10.4.jar:/Users/riyaz/.m2/repository/io/cucumber/cucumber-gherkin/6.10.4/cucumber-gherkin-6.10.4.jar:/Users/riyaz/.m2/repository/io/cucumber/cucumber-gherkin-messages/6.10.4/cucumber-gherkin-messages-6.10.4.jar:/Users/riyaz/.m2/repository/io/cucumber/messages/15.0.0/messages-15.0.0.jar:/Users/riyaz/.m2/repository/io/cucumber/tag-expressions/3.0.1/tag-expressions-3.0.1.jar:/Users/riyaz/.m2/repository/io/cucumber/cucumber-expressions/10.3.0/cucumber-expressions-10.3.0.jar:/Users/riyaz/.m2/repository/io/cucumber/datatable/3.5.0/datatable-3.5.0.jar:/Users/riyaz/.m2/repository/io/cucumber/cucumber-plugin/6.10.4/cucumber-plugin-6.10.4.jar:/Users/riyaz/.m2/repository/io/cucumber/docstring/6.10.4/docstring-6.10.4.jar:/Users/riyaz/.m2/repository/io/cucumber/html-formatter/13.0.0/html-formatter-13.0.0.jar:/Users/riyaz/.m2/repository/io/cucumber/create-meta/4.0.0/create-meta-4.0.0.jar:/Users/riyaz/.m2/repository/org/apiguardian/apiguardian-api/1.1.1/apiguardian-api-1.1.1.jar:/Users/riyaz/.m2/repository/io/cucumber/cucumber-junit/6.10.4/cucumber-junit-6.10.4.jar:/Users/riyaz/.m2/repository/org/seleniumhq/selenium/selenium-java/4.0.0-beta-4/selenium-java-4.0.0-beta-4.jar:/Users/riyaz/.m2/repository/org/seleniumhq/selenium/selenium-api/4.0.0-beta-4/selenium-api-4.0.0-beta-4.jar:/Users/riyaz/.m2/repository/org/seleniumhq/selenium/selenium-chrome-driver/4.0.0-beta-4/selenium-chrome-driver-4.0.0-beta-4.jar:/Users/riyaz/.m2/repository/com/google/auto/service/auto-service-annotations/1.0/auto-service-annotations-1.0.jar:/Users/riyaz/.m2/repository/com/google/auto/service/auto-service/1.0/auto-service-1.0.jar:/Users/riyaz/.m2/repository/com/google/auto/auto-common/1.0/auto-common-1.0.jar:/Users/riyaz/.m2/repository/com/google/guava/guava/30.1.1-jre/guava-30.1.1-jre.jar:/Users/riyaz/.m2/repository/com/google/guava/failureaccess/1.0.1/failureaccess-1.0.1.jar:/Users/riyaz/.m2/repository/com/google/guava/listenablefuture/9999.0-empty-to-avoid-conflict-with-guava/listenablefuture-9999.0-empty-to-avoid-conflict-with-guava.jar:/Users/riyaz/.m2/repository/com/google/code/findbugs/jsr305/3.0.2/jsr305-3.0.2.jar:/Users/riyaz/.m2/repository/org/checkerframework/checker-qual/3.8.0/checker-qual-3.8.0.jar:/Users/riyaz/.m2/repository/com/google/errorprone/error_prone_annotations/2.5.1/error_prone_annotations-2.5.1.jar:/Users/riyaz/.m2/repository/com/google/j2objc/j2objc-annotations/1.3/j2objc-annotations-1.3.jar:/Users/riyaz/.m2/repository/org/seleniumhq/selenium/selenium-chromium-driver/4.0.0-beta-4/selenium-chromium-driver-4.0.0-beta-4.jar:/Users/riyaz/.m2/repository/org/seleniumhq/selenium/selenium-devtools/4.0.0-beta-4/selenium-devtools-4.0.0-beta-4.jar:/Users/riyaz/.m2/repository/org/seleniumhq/selenium/selenium-http/4.0.0-beta-4/selenium-http-4.0.0-beta-4.jar:/Users/riyaz/.m2/repository/org/seleniumhq/selenium/selenium-json/4.0.0-beta-4/selenium-json-4.0.0-beta-4.jar:/Users/riyaz/.m2/repository/org/seleniumhq/selenium/selenium-devtools-v85/4.0.0-beta-4/selenium-devtools-v85-4.0.0-beta-4.jar:/Users/riyaz/.m2/repository/org/seleniumhq/selenium/selenium-devtools-v88/4.0.0-beta-4/selenium-devtools-v88-4.0.0-beta-4.jar:/Users/riyaz/.m2/repository/org/seleniumhq/selenium/selenium-devtools-v89/4.0.0-beta-4/selenium-devtools-v89-4.0.0-beta-4.jar:/Users/riyaz/.m2/repository/org/seleniumhq/selenium/selenium-devtools-v90/4.0.0-beta-4/selenium-devtools-v90-4.0.0-beta-4.jar:/Users/riyaz/.m2/repository/org/seleniumhq/selenium/selenium-devtools-v91/4.0.0-beta-4/selenium-devtools-v91-4.0.0-beta-4.jar:/Users/riyaz/.m2/repository/org/seleniumhq/selenium/selenium-edge-driver/4.0.0-beta-4/selenium-edge-driver-4.0.0-beta-4.jar:/Users/riyaz/.m2/repository/org/seleniumhq/selenium/selenium-firefox-driver/4.0.0-beta-4/selenium-firefox-driver-4.0.0-beta-4.jar:/Users/riyaz/.m2/repository/org/seleniumhq/selenium/selenium-firefox-xpi-driver/4.0.0-beta-4/selenium-firefox-xpi-driver-4.0.0-beta-4.jar:/Users/riyaz/.m2/repository/org/seleniumhq/selenium/selenium-ie-driver/4.0.0-beta-4/selenium-ie-driver-4.0.0-beta-4.jar:/Users/riyaz/.m2/repository/org/seleniumhq/selenium/selenium-opera-driver/4.0.0-beta-4/selenium-opera-driver-4.0.0-beta-4.jar:/Users/riyaz/.m2/repository/org/seleniumhq/selenium/selenium-remote-driver/4.0.0-beta-4/selenium-remote-driver-4.0.0-beta-4.jar:/Users/riyaz/.m2/repository/com/beust/jcommander/1.81/jcommander-1.81.jar:/Users/riyaz/.m2/repository/io/netty/netty-buffer/4.1.63.Final/netty-buffer-4.1.63.Final.jar:/Users/riyaz/.m2/repository/io/netty/netty-codec-http/4.1.63.Final/netty-codec-http-4.1.63.Final.jar:/Users/riyaz/.m2/repository/io/netty/netty-codec/4.1.63.Final/netty-codec-4.1.63.Final.jar:/Users/riyaz/.m2/repository/io/netty/netty-handler/4.1.63.Final/netty-handler-4.1.63.Final.jar:/Users/riyaz/.m2/repository/io/netty/netty-common/4.1.63.Final/netty-common-4.1.63.Final.jar:/Users/riyaz/.m2/repository/io/netty/netty-transport-native-epoll/4.1.63.Final/netty-transport-native-epoll-4.1.63.Final.jar:/Users/riyaz/.m2/repository/io/netty/netty-transport-native-kqueue/4.1.63.Final/netty-transport-native-kqueue-4.1.63.Final.jar:/Users/riyaz/.m2/repository/io/netty/netty-transport-native-unix-common/4.1.63.Final/netty-transport-native-unix-common-4.1.63.Final.jar:/Users/riyaz/.m2/repository/io/netty/netty-transport/4.1.63.Final/netty-transport-4.1.63.Final.jar:/Users/riyaz/.m2/repository/io/netty/netty-resolver/4.1.63.Final/netty-resolver-4.1.63.Final.jar:/Users/riyaz/.m2/repository/io/opentelemetry/opentelemetry-api/1.2.0/opentelemetry-api-1.2.0.jar:/Users/riyaz/.m2/repository/io/opentelemetry/opentelemetry-context/1.2.0/opentelemetry-context-1.2.0.jar:/Users/riyaz/.m2/repository/io/opentelemetry/opentelemetry-exporter-logging/1.2.0/opentelemetry-exporter-logging-1.2.0.jar:/Users/riyaz/.m2/repository/io/opentelemetry/opentelemetry-sdk-metrics/1.2.0-alpha/opentelemetry-sdk-metrics-1.2.0-alpha.jar:/Users/riyaz/.m2/repository/io/opentelemetry/opentelemetry-sdk-common/1.2.0/opentelemetry-sdk-common-1.2.0.jar:/Users/riyaz/.m2/repository/io/opentelemetry/opentelemetry-sdk-extension-autoconfigure/1.2.0-alpha/opentelemetry-sdk-extension-autoconfigure-1.2.0-alpha.jar:/Users/riyaz/.m2/repository/io/opentelemetry/opentelemetry-sdk-trace/1.2.0/opentelemetry-sdk-trace-1.2.0.jar:/Users/riyaz/.m2/repository/io/opentelemetry/opentelemetry-api-metrics/1.2.0-alpha/opentelemetry-api-metrics-1.2.0-alpha.jar:/Users/riyaz/.m2/repository/io/opentelemetry/opentelemetry-sdk/1.2.0/opentelemetry-sdk-1.2.0.jar:/Users/riyaz/.m2/repository/io/opentelemetry/opentelemetry-semconv/1.2.0-alpha/opentelemetry-semconv-1.2.0-alpha.jar:/Users/riyaz/.m2/repository/io/ous/jtoml/2.0.0/jtoml-2.0.0.jar:/Users/riyaz/.m2/repository/net/bytebuddy/byte-buddy/1.11.0/byte-buddy-1.11.0.jar:/Users/riyaz/.m2/repository/org/apache/commons/commons-exec/1.3/commons-exec-1.3.jar:/Users/riyaz/.m2/repository/org/asynchttpclient/async-http-client/2.12.3/async-http-client-2.12.3.jar:/Users/riyaz/.m2/repository/org/asynchttpclient/async-http-client-netty-utils/2.12.3/async-http-client-netty-utils-2.12.3.jar:/Users/riyaz/.m2/repository/io/netty/netty-codec-socks/4.1.60.Final/netty-codec-socks-4.1.60.Final.jar:/Users/riyaz/.m2/repository/io/netty/netty-handler-proxy/4.1.60.Final/netty-handler-proxy-4.1.60.Final.jar:/Users/riyaz/.m2/repository/io/netty/netty-transport-native-epoll/4.1.60.Final/netty-transport-native-epoll-4.1.60.Final-linux-x86_64.jar:/Users/riyaz/.m2/repository/io/netty/netty-transport-native-kqueue/4.1.60.Final/netty-transport-native-kqueue-4.1.60.Final-osx-x86_64.jar:/Users/riyaz/.m2/repository/org/reactivestreams/reactive-streams/1.0.3/reactive-streams-1.0.3.jar:/Users/riyaz/.m2/repository/com/typesafe/netty/netty-reactive-streams/2.0.4/netty-reactive-streams-2.0.4.jar:/Users/riyaz/.m2/repository/org/slf4j/slf4j-api/1.7.30/slf4j-api-1.7.30.jar:/Users/riyaz/.m2/repository/com/sun/activation/jakarta.activation/1.2.2/jakarta.activation-1.2.2.jar:/Users/riyaz/.m2/repository/org/seleniumhq/selenium/selenium-safari-driver/4.0.0-beta-4/selenium-safari-driver-4.0.0-beta-4.jar:/Users/riyaz/.m2/repository/org/seleniumhq/selenium/selenium-support/4.0.0-beta-4/selenium-support-4.0.0-beta-4.jar:/Users/riyaz/.m2/repository/junit/junit/4.13.2/junit-4.13.2.jar:/Users/riyaz/.m2/repository/org/hamcrest/hamcrest-core/1.3/hamcrest-core-1.3.jar:"/>
    <property name="sun.cpu.endian" value="little"/>
    <property name="user.home" value="/Users/riyaz"/>
    <property name="user.language" value="en"/>
    <property name="java.specification.vendor" value="Oracle Corporation"/>
    <property name="java.version.date" value="2021-04-20"/>
    <property name="java.home" value="/Library/Java/JavaVirtualMachines/jdk-16.0.1.jdk/Contents/Home"/>
    <property name="file.separator" value="/"/>
    <property name="basedir" value="/Users/riyaz/IdeaProjects/Practice"/>
    <property name="java.vm.compressedOopsMode" value="Zero based"/>
    <property name="line.separator" value="&#10;"/>
    <property name="java.vm.specification.vendor" value="Oracle Corporation"/>
    <property name="java.specification.name" value="Java Platform API Specification"/>
    <property name="surefire.real.class.path" value="/Users/riyaz/IdeaProjects/Practice/target/surefire/surefirebooter17595587598416427686.jar"/>
    <property name="sun.management.compiler" value="HotSpot 64-Bit Tiered Compilers"/>
    <property name="java.runtime.version" value="16.0.1+9-24"/>
    <property name="user.name" value="riyaz"/>
    <property name="path.separator" value=":"/>
    <property name="os.version" value="11.4"/>
    <property name="java.runtime.name" value="Java(TM) SE Runtime Environment"/>
    <property name="file.encoding" value="US-ASCII"/>
    <property name="java.vm.name" value="Java HotSpot(TM) 64-Bit Server VM"/>
    <property name="localRepository" value="/Users/riyaz/.m2/repository"/>
    <property name="java.vendor.url.bug" value="https://bugreport.java.com/bugreport/"/>
    <property name="java.io.tmpdir" value="/var/folders/mq/5ntfx1m93ngdcmjd9h1m0kjc0000gq/T/"/>
    <property name="java.version" value="16.0.1"/>
    <property name="user.dir" value="/Users/riyaz/IdeaProjects/Practice"/>
    <property name="os.arch" value="x86_64"/>
    <property name="java.vm.specification.name" value="Java Virtual Machine Specification"/>
    <property name="java.library.path" value="/Users/riyaz/Library/Java/Extensions:/Library/Java/Extensions:/Network/Library/Java/Extensions:/System/Library/Java/Extensions:/usr/lib/java:."/>
    <property name="java.vm.info" value="mixed mode, sharing"/>
    <property name="java.vendor" value="Oracle Corporation"/>
    <property name="java.vm.version" value="16.0.1+9-24"/>
    <property name="sun.io.unicode.encoding" value="UnicodeBig"/>
    <property name="java.class.version" value="60.0"/>
  </properties>
  <testcase name="Add a product" classname="Add Item test" time="13.491">
    <error message="Incorrect landing page, expected url : http://automationpractice.com/index.php?controller=authentication&amp;back=my-account actual url : http://automationpractice.com/index.php?controller=my-account" type="java.lang.IllegalStateException"><![CDATA[java.lang.IllegalStateException: Incorrect landing page, expected url : http://automationpractice.com/index.php?controller=authentication&back=my-account actual url : http://automationpractice.com/index.php?controller=my-account
]]></error>
    <system-out><![CDATA[
@Add
Scenario: Add a product                                         &amp#27;[90m# src/test/resources/features/AddItem.feature:9&amp#27;[0m
  &amp#27;[32mGiven &amp#27;[0m&amp#27;[32muser opens browser and enters url and lands on homepage&amp#27;[0m &amp#27;[90m# stepDefinitions.loginStepDefinition.user_opens_browser_and_enters_url_and_lands_on_homepage()&amp#27;[0m
  &amp#27;[32mWhen &amp#27;[0m&amp#27;[32muser clicks on sign in&amp#27;[0m                                   &amp#27;[90m# stepDefinitions.loginStepDefinition.user_clicks_on_sign_in()&amp#27;[0m
URL : http://automationpractice.com/index.php?controller=my-account
  &amp#27;[31mThen &amp#27;[0m&amp#27;[31mverify user land on login screen&amp#27;[0m                         &amp#27;[90m# stepDefinitions.loginStepDefinition.verify_user_land_on_login_screen()&amp#27;[0m
      &amp#27;[31mjava.lang.IllegalStateException: Incorrect landing page, expected url : http://automationpractice.com/index.php?controller=authentication&back=my-account actual url : http://automationpractice.com/index.php?controller=my-account
	at pages.loginPage.verifySignPage(loginPage.java:43)
	at stepDefinitions.loginStepDefinition.verify_user_land_on_login_screen(loginStepDefinition.java:39)
	at ���.verify user land on login screen(file:///Users/riyaz/IdeaProjects/Practice/src/test/resources/features/AddItem.feature:7)
&amp#27;[0m
  &amp#27;[36mWhen &amp#27;[0m&amp#27;[36muser enters username and password&amp#27;[0m                        &amp#27;[90m# stepDefinitions.loginStepDefinition.user_enters_username_and_password()&amp#27;[0m
  &amp#27;[36mThen &amp#27;[0m&amp#27;[36muser is able to login successfully&amp#27;[0m                       &amp#27;[90m# stepDefinitions.loginStepDefinition.user_is_able_to_login_successfully()&amp#27;[0m
  &amp#27;[36mWhen &amp#27;[0m&amp#27;[36muser clicks on Women tab&amp#27;[0m                                 &amp#27;[90m# stepDefinitions.addItemStepDefinition.user_clicks_on_women_tab()&amp#27;[0m
  &amp#27;[36mThen &amp#27;[0m&amp#27;[36muser is navigated to the Women's page&amp#27;[0m                    &amp#27;[90m# stepDefinitions.addItemStepDefinition.user_is_navigated_to_the_women_s_page()&amp#27;[0m
  &amp#27;[36mWhen &amp#27;[0m&amp#27;[36mthe user adds an item and checks out&amp#27;[0m                     &amp#27;[90m# stepDefinitions.addItemStepDefinition.the_user_adds_an_item_and_checks_out()&amp#27;[0m
]]></system-out>
    <system-err><![CDATA[SLF4J: Failed to load class "org.slf4j.impl.StaticLoggerBinder".
SLF4J: Defaulting to no-operation (NOP) logger implementation
SLF4J: See http://www.slf4j.org/codes.html#StaticLoggerBinder for further details.
Starting ChromeDriver 91.0.4472.101 (af52a90bf87030dd1523486a1cd3ae25c5d76c9b-refs/branch-heads/4472@{#1462}) on port 16030
Only local connections are allowed.
Please see https://chromedriver.chromium.org/security-considerations for suggestions on keeping ChromeDriver safe.
ChromeDriver was started successfully.
Jun 16, 2021 6:05:27 PM org.openqa.selenium.remote.ProtocolHandshake createSession
INFO: Detected dialect: W3C
Jun 16, 2021 6:05:27 PM org.openqa.selenium.devtools.CdpVersionFinder findNearestMatch
INFO: Found exact CDP implementation for version 91
]]></system-err>
  </testcase>
</testsuite>